-------------------------------------------------------------------------------
Test set: com.parkit.parkingsystem.FareCalculatorServiceTest
-------------------------------------------------------------------------------
Tests run: 7, Failures: 3, Errors: 0, Skipped: 0, Time elapsed: 0.456 s <<< FAILURE! - in com.parkit.parkingsystem.FareCalculatorServiceTest
calculateFareCarWithLessThanOneHourParkingTime  Time elapsed: 0.396 s  <<< FAILURE!
org.opentest4j.AssertionFailedError: 

Expecting:
 <1.5>
to be equal to:
 <0.0>
but was not.
	at com.parkit.parkingsystem.FareCalculatorServiceTest.calculateFareCarWithLessThanOneHourParkingTime(FareCalculatorServiceTest.java:115)

calculateFareCarWithMoreThanADayParkingTime  Time elapsed: 0.002 s  <<< FAILURE!
org.opentest4j.AssertionFailedError: 

Expecting:
 <1.5>
to be equal to:
 <0.0>
but was not.
	at com.parkit.parkingsystem.FareCalculatorServiceTest.calculateFareCarWithMoreThanADayParkingTime(FareCalculatorServiceTest.java:128)

calculateFareBikeWithLessThanOneHourParkingTime  Time elapsed: 0.002 s  <<< FAILURE!
org.opentest4j.AssertionFailedError: 

Expecting:
 <1.0>
to be equal to:
 <0.0>
but was not.
	at com.parkit.parkingsystem.FareCalculatorServiceTest.calculateFareBikeWithLessThanOneHourParkingTime(FareCalculatorServiceTest.java:102)

